<?xml version="1.0" encoding="UTF-8"?>
<!-- Generated by org.testng.reporters.JUnitReportReporter -->
<testsuite hostname="LTIN487518" failures="0" tests="3" name="testRunner.TestRunner" time="294.591" errors="0" timestamp="2024-02-29T10:23:44 IST" skipped="0">
  <testcase classname="testRunner.TestRunner" name="runScenario" time="159.681"/>
  <system-out/>
  <testcase classname="testRunner.TestRunner" name="runScenario" time="35.017"/>
  <system-out/>
  <testcase classname="testRunner.TestRunner" name="runScenario" time="99.893"/>
  <system-out/>
</testsuite> <!-- testRunner.TestRunner -->
